<?xml version="1.0" encoding="UTF-8"?>
<!-- Generated by org.testng.reporters.JUnitReportReporter -->
<testsuite hostname="Lenovo-PC" failures="0" tests="1" name="BaseClass" time="95.486" errors="0" timestamp="2024-02-24T18:18:16 IST" skipped="0">
  <testcase classname="BaseClass" name="Launch" time="95.486"/>
  <system-out/>
</testsuite> <!-- BaseClass -->
